2016-05-01 14:48:05,750 WARN org.apache.hadoop.util.NativeCodeLoader: Unable to load native-hadoop library for your platform... using builtin-java classes where applicable
2016-05-01 14:48:07,470 INFO org.apache.hadoop.conf.Configuration.deprecation: session.id is deprecated. Instead, use dfs.metrics.session-id
2016-05-01 14:48:07,471 INFO org.apache.hadoop.metrics.jvm.JvmMetrics: Initializing JVM Metrics with processName=JobTracker, sessionId=
2016-05-01 14:48:07,710 WARN org.apache.hadoop.security.UserGroupInformation: PriviledgedActionException as:cloudera (auth:SIMPLE) cause:org.apache.hadoop.mapred.FileAlreadyExistsException: Output directory file:/home/cloudera/workspace/Realtime_Project_Analytic/output already exists
2016-05-01 14:48:39,361 WARN org.apache.hadoop.util.NativeCodeLoader: Unable to load native-hadoop library for your platform... using builtin-java classes where applicable
2016-05-01 14:48:40,814 INFO org.apache.hadoop.conf.Configuration.deprecation: session.id is deprecated. Instead, use dfs.metrics.session-id
2016-05-01 14:48:40,815 INFO org.apache.hadoop.metrics.jvm.JvmMetrics: Initializing JVM Metrics with processName=JobTracker, sessionId=
2016-05-01 14:48:42,501 WARN org.apache.hadoop.mapreduce.JobResourceUploader: Hadoop command-line option parsing not performed. Implement the Tool interface and execute your application with ToolRunner to remedy this.
2016-05-01 14:48:42,530 WARN org.apache.hadoop.mapreduce.JobResourceUploader: No job jar file set.  User classes may not be found. See Job or Job#setJar(String).
2016-05-01 14:48:42,612 INFO org.apache.hadoop.mapreduce.lib.input.FileInputFormat: Total input paths to process : 1
2016-05-01 14:48:42,847 INFO org.apache.hadoop.mapreduce.JobSubmitter: number of splits:1
2016-05-01 14:48:43,653 INFO org.apache.hadoop.mapreduce.JobSubmitter: Submitting tokens for job: job_local1362979263_0001
2016-05-01 14:48:44,841 INFO org.apache.hadoop.mapreduce.Job: The url to track the job: http://localhost:8080/
2016-05-01 14:48:44,842 INFO org.apache.hadoop.mapreduce.Job: Running job: job_local1362979263_0001
2016-05-01 14:48:44,858 INFO org.apache.hadoop.mapred.LocalJobRunner: OutputCommitter set in config null
2016-05-01 14:48:44,910 INFO org.apache.hadoop.mapreduce.lib.output.FileOutputCommitter: File Output Committer Algorithm version is 1
2016-05-01 14:48:44,936 INFO org.apache.hadoop.mapred.LocalJobRunner: OutputCommitter is org.apache.hadoop.mapreduce.lib.output.FileOutputCommitter
2016-05-01 14:48:45,286 INFO org.apache.hadoop.mapred.LocalJobRunner: Waiting for map tasks
2016-05-01 14:48:45,291 INFO org.apache.hadoop.mapred.LocalJobRunner: Starting task: attempt_local1362979263_0001_m_000000_0
2016-05-01 14:48:45,469 INFO org.apache.hadoop.mapreduce.lib.output.FileOutputCommitter: File Output Committer Algorithm version is 1
2016-05-01 14:48:45,520 INFO org.apache.hadoop.mapred.Task:  Using ResourceCalculatorProcessTree : [ ]
2016-05-01 14:48:45,531 INFO org.apache.hadoop.mapred.MapTask: Processing split: file:/home/cloudera/workspace/Realtime_Project_Analytic/FinalInput.txt:0+2947705
2016-05-01 14:48:45,861 INFO org.apache.hadoop.mapreduce.Job: Job job_local1362979263_0001 running in uber mode : false
2016-05-01 14:48:45,864 INFO org.apache.hadoop.mapreduce.Job:  map 0% reduce 0%
2016-05-01 14:48:46,027 INFO org.apache.hadoop.mapred.MapTask: (EQUATOR) 0 kvi 26214396(104857584)
2016-05-01 14:48:46,027 INFO org.apache.hadoop.mapred.MapTask: mapreduce.task.io.sort.mb: 100
2016-05-01 14:48:46,028 INFO org.apache.hadoop.mapred.MapTask: soft limit at 83886080
2016-05-01 14:48:46,028 INFO org.apache.hadoop.mapred.MapTask: bufstart = 0; bufvoid = 104857600
2016-05-01 14:48:46,028 INFO org.apache.hadoop.mapred.MapTask: kvstart = 26214396; length = 6553600
2016-05-01 14:48:46,097 INFO org.apache.hadoop.mapred.MapTask: Map output collector class = org.apache.hadoop.mapred.MapTask$MapOutputBuffer
2016-05-01 14:48:51,620 INFO org.apache.hadoop.mapred.LocalJobRunner: map > map
2016-05-01 14:48:51,879 INFO org.apache.hadoop.mapreduce.Job:  map 14% reduce 0%
2016-05-01 14:48:54,622 INFO org.apache.hadoop.mapred.LocalJobRunner: map > map
2016-05-01 14:48:54,881 INFO org.apache.hadoop.mapreduce.Job:  map 61% reduce 0%
2016-05-01 14:48:54,905 INFO org.apache.hadoop.mapred.LocalJobRunner: map > map
2016-05-01 14:48:54,908 INFO org.apache.hadoop.mapred.MapTask: Starting flush of map output
2016-05-01 14:48:54,909 INFO org.apache.hadoop.mapred.MapTask: Spilling map output
2016-05-01 14:48:54,909 INFO org.apache.hadoop.mapred.MapTask: bufstart = 0; bufend = 2866630; bufvoid = 104857600
2016-05-01 14:48:54,911 INFO org.apache.hadoop.mapred.MapTask: kvstart = 26214396(104857584); kvend = 25852076(103408304); length = 362321/6553600
2016-05-01 14:48:56,377 INFO org.apache.hadoop.mapred.MapTask: Finished spill 0
2016-05-01 14:48:56,394 INFO org.apache.hadoop.mapred.Task: Task:attempt_local1362979263_0001_m_000000_0 is done. And is in the process of committing
2016-05-01 14:48:56,406 INFO org.apache.hadoop.mapred.LocalJobRunner: map
2016-05-01 14:48:56,406 INFO org.apache.hadoop.mapred.Task: Task 'attempt_local1362979263_0001_m_000000_0' done.
2016-05-01 14:48:56,406 INFO org.apache.hadoop.mapred.LocalJobRunner: Finishing task: attempt_local1362979263_0001_m_000000_0
2016-05-01 14:48:56,406 INFO org.apache.hadoop.mapred.LocalJobRunner: map task executor complete.
2016-05-01 14:48:56,421 INFO org.apache.hadoop.mapred.LocalJobRunner: Waiting for reduce tasks
2016-05-01 14:48:56,422 INFO org.apache.hadoop.mapred.LocalJobRunner: Starting task: attempt_local1362979263_0001_r_000000_0
2016-05-01 14:48:56,455 INFO org.apache.hadoop.mapreduce.lib.output.FileOutputCommitter: File Output Committer Algorithm version is 1
2016-05-01 14:48:56,456 INFO org.apache.hadoop.mapred.Task:  Using ResourceCalculatorProcessTree : [ ]
2016-05-01 14:48:56,474 INFO org.apache.hadoop.mapred.ReduceTask: Using ShuffleConsumerPlugin: org.apache.hadoop.mapreduce.task.reduce.Shuffle@29b6a261
2016-05-01 14:48:56,640 INFO org.apache.hadoop.mapreduce.task.reduce.MergeManagerImpl: MergerManager: memoryLimit=679778688, maxSingleShuffleLimit=169944672, mergeThreshold=448653952, ioSortFactor=10, memToMemMergeOutputsThreshold=10
2016-05-01 14:48:56,659 INFO org.apache.hadoop.mapreduce.task.reduce.EventFetcher: attempt_local1362979263_0001_r_000000_0 Thread started: EventFetcher for fetching Map Completion Events
2016-05-01 14:48:56,825 INFO org.apache.hadoop.mapreduce.task.reduce.LocalFetcher: localfetcher#1 about to shuffle output of map attempt_local1362979263_0001_m_000000_0 decomp: 3047794 len: 3047798 to MEMORY
2016-05-01 14:48:56,883 INFO org.apache.hadoop.mapreduce.Job:  map 100% reduce 0%
2016-05-01 14:48:56,895 INFO org.apache.hadoop.mapreduce.task.reduce.InMemoryMapOutput: Read 3047794 bytes from map-output for attempt_local1362979263_0001_m_000000_0
2016-05-01 14:48:56,909 INFO org.apache.hadoop.mapreduce.task.reduce.MergeManagerImpl: closeInMemoryFile -> map-output of size: 3047794, inMemoryMapOutputs.size() -> 1, commitMemory -> 0, usedMemory ->3047794
2016-05-01 14:48:56,917 INFO org.apache.hadoop.mapreduce.task.reduce.EventFetcher: EventFetcher is interrupted.. Returning
2016-05-01 14:48:56,918 INFO org.apache.hadoop.mapred.LocalJobRunner: 1 / 1 copied.
2016-05-01 14:48:56,919 INFO org.apache.hadoop.mapreduce.task.reduce.MergeManagerImpl: finalMerge called with 1 in-memory map-outputs and 0 on-disk map-outputs
2016-05-01 14:48:56,942 INFO org.apache.hadoop.mapred.Merger: Merging 1 sorted segments
2016-05-01 14:48:56,946 INFO org.apache.hadoop.mapred.Merger: Down to the last merge-pass, with 1 segments left of total size: 3047769 bytes
2016-05-01 14:48:57,614 INFO org.apache.hadoop.mapreduce.task.reduce.MergeManagerImpl: Merged 1 segments, 3047794 bytes to disk to satisfy reduce memory limit
2016-05-01 14:48:57,616 INFO org.apache.hadoop.mapreduce.task.reduce.MergeManagerImpl: Merging 1 files, 3047798 bytes from disk
2016-05-01 14:48:57,622 INFO org.apache.hadoop.mapreduce.task.reduce.MergeManagerImpl: Merging 0 segments, 0 bytes from memory into reduce
2016-05-01 14:48:57,622 INFO org.apache.hadoop.mapred.Merger: Merging 1 sorted segments
2016-05-01 14:48:57,624 INFO org.apache.hadoop.mapred.Merger: Down to the last merge-pass, with 1 segments left of total size: 3047769 bytes
2016-05-01 14:48:57,625 INFO org.apache.hadoop.mapred.LocalJobRunner: 1 / 1 copied.
2016-05-01 14:48:57,686 INFO org.apache.hadoop.conf.Configuration.deprecation: mapred.skip.on is deprecated. Instead, use mapreduce.job.skiprecords
2016-05-01 14:49:02,463 INFO org.apache.hadoop.mapred.LocalJobRunner: reduce > reduce
2016-05-01 14:49:02,889 INFO org.apache.hadoop.mapreduce.Job:  map 100% reduce 80%
2016-05-01 14:49:05,297 INFO org.apache.hadoop.mapred.Task: Task:attempt_local1362979263_0001_r_000000_0 is done. And is in the process of committing
2016-05-01 14:49:05,314 INFO org.apache.hadoop.mapred.LocalJobRunner: reduce > reduce
2016-05-01 14:49:05,315 INFO org.apache.hadoop.mapred.Task: Task attempt_local1362979263_0001_r_000000_0 is allowed to commit now
2016-05-01 14:49:05,329 INFO org.apache.hadoop.mapreduce.lib.output.FileOutputCommitter: Saved output of task 'attempt_local1362979263_0001_r_000000_0' to file:/home/cloudera/workspace/Realtime_Project_Analytic/output/_temporary/0/task_local1362979263_0001_r_000000
2016-05-01 14:49:05,330 INFO org.apache.hadoop.mapred.LocalJobRunner: reduce > reduce
2016-05-01 14:49:05,330 INFO org.apache.hadoop.mapred.Task: Task 'attempt_local1362979263_0001_r_000000_0' done.
2016-05-01 14:49:05,330 INFO org.apache.hadoop.mapred.LocalJobRunner: Finishing task: attempt_local1362979263_0001_r_000000_0
2016-05-01 14:49:05,344 INFO org.apache.hadoop.mapred.LocalJobRunner: reduce task executor complete.
2016-05-01 14:49:05,891 INFO org.apache.hadoop.mapreduce.Job:  map 100% reduce 100%
2016-05-01 14:49:05,891 INFO org.apache.hadoop.mapreduce.Job: Job job_local1362979263_0001 completed successfully
2016-05-01 14:49:05,946 INFO org.apache.hadoop.mapreduce.Job: Counters: 33
	File System Counters
		FILE: Number of bytes read=11991422
		FILE: Number of bytes written=9768107
		FILE: Number of read operations=0
		FILE: Number of large read operations=0
		FILE: Number of write operations=0
	Map-Reduce Framework
		Map input records=90581
		Map output records=90581
		Map output bytes=2866630
		Map output materialized bytes=3047798
		Input split bytes=135
		Combine input records=0
		Combine output records=0
		Reduce input groups=1052
		Reduce shuffle bytes=3047798
		Reduce input records=90581
		Reduce output records=1052
		Spilled Records=181162
		Shuffled Maps =1
		Failed Shuffles=0
		Merged Map outputs=1
		GC time elapsed (ms)=156
		CPU time spent (ms)=0
		Physical memory (bytes) snapshot=0
		Virtual memory (bytes) snapshot=0
		Total committed heap usage (bytes)=425598976
	Shuffle Errors
		BAD_ID=0
		CONNECTION=0
		IO_ERROR=0
		WRONG_LENGTH=0
		WRONG_MAP=0
		WRONG_REDUCE=0
	File Input Format Counters 
		Bytes Read=2947705
	File Output Format Counters 
		Bytes Written=97345
